"../../../../../../Unreal/BacchusHTML/BacchusHTML/Content/Blueprints/GameInstanceBP.uasset" 0
"../../../../../../Unreal/BacchusHTML/BacchusHTML/Content/Images/arrow-v2_presd.uasset" 1
"../../../../../../Unreal/BacchusHTML/BacchusHTML/Content/Images/arrrow_2.uasset" 2
"../../../../../../Unreal/BacchusHTML/BacchusHTML/Content/Images/Bacchus_MainMenu.uasset" 3
"../../../../../../Unreal/BacchusHTML/BacchusHTML/Content/Images/No.uasset" 4
"../../../../../../Unreal/BacchusHTML/BacchusHTML/Content/Images/No_Pressed.uasset" 5
"../../../../../../Unreal/BacchusHTML/BacchusHTML/Content/Images/No_Red.uasset" 6
"../../../../../../Unreal/BacchusHTML/BacchusHTML/Content/Images/Yes.uasset" 7
"../../../../../../Unreal/BacchusHTML/BacchusHTML/Content/Images/Yes_Green.uasset" 8
"../../../../../../Unreal/BacchusHTML/BacchusHTML/Content/Images/Yes_Pressed.uasset" 9
"../../../Engine/Content/Functions/Engine_MaterialFunctions01/Opacity/CameraDepthFade.uasset" 10
"../../../Engine/Content/EngineMaterials/T_Default_Material_Grid_M.uasset" 11
"../../../Engine/Content/EngineMaterials/T_Default_Material_Grid_N.uasset" 12
"../../../Engine/Content/EngineMaterials/WorldGridMaterial.uasset" 13
"../../../Engine/Content/ArtTools/RenderToTexture/Meshes/S_1_Unit_Plane.uasset" 14
"../../../Engine/Content/EngineMaterials/DefaultMaterial.uasset" 15
"../../../Engine/Content/BasicShapes/Cone.uasset" 16
"../../../Engine/Content/BasicShapes/Cube.uasset" 17
"../../../Engine/Content/BasicShapes/Cylinder.uasset" 18
"../../../Engine/Content/BasicShapes/Plane.uasset" 19
"../../../Engine/Content/BasicShapes/Sphere.uasset" 20
"../../../Engine/Content/EditorLandscapeResources/DataLayer.uasset" 21
"../../../Engine/Content/EditorMaterials/GizmoMaterial.uasset" 22
"../../../Engine/Content/EditorMaterials/MAT_Groups_Toggle.uasset" 23
"../../../Engine/Content/EditorMaterials/MAT_Groups_Visibility.uasset" 24
"../../../Engine/Content/EditorMaterials/PreviewShadowIndicator.uasset" 25
"../../../Engine/Content/EditorMaterials/PreviewShadowIndicatorMaterial.uasset" 26
"../../../Engine/Content/EditorMaterials/MatineeGroups/MAT_ColorTrack.uasset" 27
"../../../Engine/Content/EditorMaterials/MatineeGroups/MAT_Groups_Anim.uasset" 28
"../../../Engine/Content/EditorMaterials/MatineeGroups/MAT_Groups_AudioMaster.uasset" 29
"../../../Engine/Content/EditorMaterials/MatineeGroups/MAT_Groups_Director.uasset" 30
"../../../Engine/Content/EditorMaterials/MatineeGroups/MAT_Groups_Event.uasset" 31
"../../../Engine/Content/EditorMaterials/MatineeGroups/MAT_Groups_Fade.uasset" 32
"../../../Engine/Content/EditorMaterials/MatineeGroups/MAT_Groups_Float.uasset" 33
"../../../Engine/Content/EditorMaterials/MatineeGroups/MAT_Groups_Move.uasset" 34
"../../../Engine/Content/EditorMaterials/MatineeGroups/MAT_Groups_Slomo.uasset" 35
"../../../Engine/Content/EditorMaterials/MatineeGroups/MAT_Groups_Sound.uasset" 36
"../../../Engine/Content/EditorMaterials/MatineeGroups/MAT_Groups_Vector.uasset" 37
"../../../Engine/Content/EditorMaterials/ParticleSystems/PSysThumbnail_NoImage.uasset" 38
"../../../Engine/Content/EditorMaterials/ParticleSystems/PSysThumbnail_OOD.uasset" 39
"../../../Engine/Content/EditorMaterials/Camera/CineMat.uasset" 40
"../../../Engine/Content/EditorMaterials/Camera/MI_CineMat_Rig.uasset" 41
"../../../Engine/Content/EditorMeshes/Camera/SM_CraneRig_Arm.uasset" 42
"../../../Engine/Content/EditorMeshes/Camera/SM_CraneRig_Base.uasset" 43
"../../../Engine/Content/EditorMeshes/Camera/SM_CraneRig_Body.uasset" 44
"../../../Engine/Content/EditorMeshes/Camera/SM_CraneRig_Mount.uasset" 45
"../../../Engine/Content/EditorMeshes/Camera/SM_RailRig_Mount.uasset" 46
"../../../Engine/Content/EditorMeshes/Camera/SM_RailRig_Track.uasset" 47
"../../../Engine/Content/EditorResources/BSPVertex.uasset" 48
"../../../Engine/Content/EditorResources/S_Actor.uasset" 49
"../../../Engine/Content/EditorResources/S_Trigger.uasset" 50
"../../../Engine/Content/EditorResources/SequenceRecorder/Countdown.uasset" 51
"../../../Engine/Content/EditorResources/SequenceRecorder/RecordingIndicator.uasset" 52
"../../../Engine/Content/EditorSounds/Notifications/CompileFailed.uasset" 53
"../../../Engine/Content/EditorSounds/Notifications/CompileFailed_Cue.uasset" 54
"../../../Engine/Content/EditorSounds/Notifications/CompileSuccess.uasset" 55
"../../../Engine/Content/EditorSounds/Notifications/CompileStart_Cue.uasset" 56
"../../../Engine/Content/EditorSounds/Notifications/CompileSuccess_Cue.uasset" 57
"../../../Engine/Content/EngineDamageTypes/DmgTypeBP_Environmental.uasset" 58
"../../../Engine/Content/EngineDebugMaterials/HeatmapGradient.uasset" 59
"../../../Engine/Content/EngineDebugMaterials/BoneWeightMaterial.uasset" 60
"../../../Engine/Content/EngineDebugMaterials/ClothMaterial.uasset" 61
"../../../Engine/Content/EngineDebugMaterials/ClothMaterial_WF.uasset" 62
"../../../Engine/Content/EngineDebugMaterials/DebugEditorMaterial.uasset" 63
"../../../Engine/Content/EngineDebugMaterials/DebugMeshMaterial.uasset" 64
"../../../Engine/Content/EngineDebugMaterials/GeomMaterial.uasset" 65
"../../../Engine/Content/EngineDebugMaterials/M_SimpleTranslucent.uasset" 66
"../../../Engine/Content/EngineFonts/Faces/RobotoBold.uasset" 67
"../../../Engine/Content/EngineFonts/Faces/RobotoBoldItalic.uasset" 68
"../../../Engine/Content/EngineFonts/Faces/RobotoItalic.uasset" 69
"../../../Engine/Content/EngineFonts/Faces/RobotoLight.uasset" 70
"../../../Engine/Content/EngineFonts/Faces/RobotoRegular.uasset" 71
"../../../Engine/Content/EngineFonts/Roboto.uasset" 72
"../../../Engine/Content/EngineFonts/Faces/RobotoTiny.uasset" 73
"../../../Engine/Content/EngineFonts/RobotoTiny.uasset" 74
"../../../Engine/Content/EngineMaterials/BaseFlattenDiffuseMap.uasset" 75
"../../../Engine/Content/EngineMaterials/BaseFlattenEmissiveMap.uasset" 76
"../../../Engine/Content/EngineMaterials/BaseFlattenGrayscaleMap.uasset" 77
"../../../Engine/Content/EngineMaterials/BaseFlattenNormalMap.uasset" 78
"../../../Engine/Content/EngineMaterials/BaseFlattenMaterial.uasset" 79
"../../../Engine/Content/EngineMaterials/DefaultBloomKernel.uasset" 80
"../../../Engine/Content/EngineMaterials/DefaultBokeh.uasset" 81
"../../../Engine/Content/EngineMaterials/DefaultDiffuse.uasset" 82
"../../../Engine/Content/EngineMaterials/DefaultDeferredDecalMaterial.uasset" 83
"../../../Engine/Content/EngineMaterials/DefaultLightFunctionMaterial.uasset" 84
"../../../Engine/Content/EngineMaterials/DefaultPhysicalMaterial.uasset" 85
"../../../Engine/Content/Functions/Engine_MaterialFunctions02/Utility/BreakOutFloat2Components.uasset" 86
"../../../Engine/Content/EngineMaterials/DefaultPostProcessMaterial.uasset" 87
"../../../Engine/Content/EngineFonts/RobotoDistanceField.uasset" 88
"../../../Engine/Content/EngineMaterials/DefaultTextMaterialOpaque.uasset" 89
"../../../Engine/Content/EngineMaterials/DefaultWhiteGrid.uasset" 90
"../../../Engine/Content/EngineMaterials/EditorBrushMaterial.uasset" 91
"../../../Engine/Content/EngineMaterials/Good64x64TilingNoiseHighFreq.uasset" 92
"../../../Engine/Content/EngineMaterials/MiniFont.uasset" 93
"../../../Engine/Content/EngineMaterials/InvalidLightmapSettings.uasset" 94
"../../../Engine/Content/EngineMaterials/M_InvalidLightmapSettings.uasset" 95
"../../../Engine/Content/Functions/Engine_MaterialFunctions02/WorldPositionOffset/CameraOffset.uasset" 96
"../../../Engine/Content/EngineMaterials/PhAT_JointLimitMaterial.uasset" 97
"../../../Engine/Content/EngineMaterials/PreintegratedSkinBRDF.uasset" 98
"../../../Engine/Content/EngineMaterials/RemoveSurfaceMaterial.uasset" 99
"../../../Engine/Content/EngineMaterials/WeightMapPlaceholderTexture.uasset" 100
"../../../Engine/Content/EngineResources/WhiteSquareTexture.uasset" 101
"../../../Engine/Content/EngineMaterials/Widget3DPassThrough.uasset" 102
"../../../Engine/Content/EngineMaterials/Widget3DPassThrough_Masked.uasset" 103
"../../../Engine/Content/EngineMaterials/Widget3DPassThrough_Opaque.uasset" 104
"../../../Engine/Content/EngineMaterials/Widget3DPassThrough_Masked_OneSided.uasset" 105
"../../../Engine/Content/EngineMaterials/Widget3DPassThrough_Opaque_OneSided.uasset" 106
"../../../Engine/Content/EngineMaterials/Widget3DPassThrough_Translucent.uasset" 107
"../../../Engine/Content/EngineMaterials/Widget3DPassThrough_Translucent_OneSided.uasset" 108
"../../../Engine/Content/EngineMeshes/Cylinder.uasset" 109
"../../../Engine/Content/EngineMeshes/Sphere.uasset" 110
"../../../Engine/Content/EngineResources/Black.uasset" 111
"../../../Engine/Content/EngineResources/DefaultTexture.uasset" 112
"../../../Engine/Content/EngineResources/DefaultTextureCube.uasset" 113
"../../../Engine/Content/EngineResources/DefaultVolumeTexture2D.uasset" 114
"../../../Engine/Content/EngineResources/DefaultVolumeTexture.uasset" 115
"../../../Engine/Content/EngineResources/GradientTexture0.uasset" 116
"../../../Engine/Content/EngineSounds/Master.uasset" 117
"../../../Engine/Content/Functions/Engine_MaterialFunctions01/Shading/ConvertFromDiffSpec.uasset" 118
"../../../Engine/Content/Functions/Engine_MaterialFunctions01/Shading/PowerToRoughness.uasset" 119
"../../../Engine/Content/Maps/Templates/Thumbnails/Default.uasset" 120
"../../../Engine/Content/Maps/Templates/Thumbnails/VR-Basic.uasset" 121
"../../../Engine/Content/MobileResources/T_MobileControls_texture.uasset" 122
"../../../Engine/Content/MobileResources/T_MobileMenu2.uasset" 123
"../../../Engine/Content/MobileResources/HUD/AnalogHat.uasset" 124
"../../../Engine/Content/MobileResources/HUD/VirtualJoystick_Background.uasset" 125
"../../../Engine/Content/MobileResources/HUD/VirtualJoystick_Thumb.uasset" 126
"../../../Engine/Content/MobileResources/HUD/DefaultVirtualJoysticks.uasset" 127
"../../../Engine/Content/MobileResources/HUD/LeftVirtualJoystickOnly.uasset" 128
"../../../Engine/Content/MobileResources/HUD/MobileHUDButton1_off.uasset" 129
"../../../Engine/Content/MobileResources/HUD/MobileHUDButton1_on.uasset" 130
"../../../Engine/Content/MobileResources/HUD/MobileHUDButton2_off.uasset" 131
"../../../Engine/Content/MobileResources/HUD/MobileHUDButton2_on.uasset" 132
"../../../Engine/Content/MobileResources/HUD/MobileHUDButton3.uasset" 133
"../../../Engine/Content/MobileResources/HUD/MobileHUDButtonFire.uasset" 134
"../../../Engine/Content/MobileResources/HUD/MobileHUDDirectionPad.uasset" 135
"../../../Engine/Content/MobileResources/HUD/MobileHUDDirectionPad2.uasset" 136
"../../../Engine/Content/MobileResources/HUD/MobileHUDDirectionPad3.uasset" 137
"../../../Engine/Content/MobileResources/HUD/MobileHUDDirectionStick.uasset" 138
"../../../Engine/Content/MobileResources/HUD/T_Castle_ThumbstickInner.uasset" 139
"../../../Engine/Content/MobileResources/HUD/T_Castle_ThumbstickOutter.uasset" 140
"../../../Engine/Content/Tutorial/ContentIntroCurve.uasset" 141
"../../../Engine/Content/Tutorial/Basics/TutorialAssets/icon_tab_Levels_40x.uasset" 142
"../../../Engine/Content/VREditor/LaserPointer/VR_LaserPower_01.uasset" 143
"../../../Engine/Content/VREditor/TransformGizmo/TransformGizmoMaterial.uasset" 144
"../../../Engine/Content/VREditor/TransformGizmo/TranslucentTransformGizmoMaterial.uasset" 145
"../../../Engine/Content/VREditor/TransformGizmo/BoundingBoxCorner.uasset" 146
"../../../Engine/Content/VREditor/TransformGizmo/BoundingBoxEdge.uasset" 147
"../../../Engine/Content/VREditor/TransformGizmo/PlaneTranslationHandle.uasset" 148
"../../../Engine/Content/VREditor/TransformGizmo/Main.uasset" 149
"../../../Engine/Content/VREditor/TransformGizmo/Xray.uasset" 150
"../../../Engine/Content/VREditor/TransformGizmo/SM_Sequencer_Key.uasset" 151
"../../../Engine/Content/VREditor/TransformGizmo/SM_Sequencer_Node.uasset" 152
"../../Plugins/2D/Paper2D/Content/PlaceholderTextures/DummySpriteTexture.uasset" 153
"../../Plugins/2D/Paper2D/Content/DummySprite.uasset" 154
"../../Plugins/2D/Paper2D/Content/DefaultPaperTerrainMaterial.uasset" 155
"../../Plugins/2D/Paper2D/Content/DefaultSpriteMaterial.uasset" 156
"../../Plugins/2D/Paper2D/Content/MaskedUnlitSpriteMaterial.uasset" 157
"../../Plugins/2D/Paper2D/Content/OpaqueUnlitSpriteMaterial.uasset" 158
"../../Plugins/Runtime/Oculus/OculusVR/Content/Materials/PokeAHoleMaterial.uasset" 159
"../../Plugins/Runtime/Oculus/OculusVR/Content/Textures/GearVRController_AO.uasset" 160
"../../Plugins/Runtime/Oculus/OculusVR/Content/Textures/GearVRController_Color.uasset" 161
"../../Plugins/Runtime/Oculus/OculusVR/Content/Textures/GearVRController_Normal.uasset" 162
"../../Plugins/Runtime/Oculus/OculusVR/Content/Materials/GearVRControllerMaterial.uasset" 163
"../../Plugins/Runtime/Oculus/OculusVR/Content/Meshes/GearVrController.uasset" 164
"../../Plugins/Runtime/Oculus/OculusVR/Content/Textures/touchController_albedo.uasset" 165
"../../Plugins/Runtime/Oculus/OculusVR/Content/Textures/touchController_controlmap.uasset" 166
"../../Plugins/Runtime/Oculus/OculusVR/Content/Materials/touchController_mat.uasset" 167
"../../Plugins/Runtime/Oculus/OculusVR/Content/Meshes/LeftTouchController.uasset" 168
"../../Plugins/Runtime/Oculus/OculusVR/Content/Meshes/RiftHMD.uasset" 169
"../../Plugins/Runtime/Oculus/OculusVR/Content/Meshes/RightTouchController.uasset" 170
"../../../../../../Unreal/BacchusHTML/BacchusHTML/Content/Blueprints/GameStateBacchus.uasset" 171
"../../../Engine/Content/EditorBlueprintResources/StandardMacros.uasset" 172
"../../../../../../Unreal/BacchusHTML/BacchusHTML/Content/MarcellusSC-Regular.uasset" 173
"../../../../../../Unreal/BacchusHTML/BacchusHTML/Content/MarcellusSC-Regular_Font.uasset" 174
"../../../../../../Unreal/BacchusHTML/BacchusHTML/Content/Images/Add_Player.uasset" 175
"../../../../../../Unreal/BacchusHTML/BacchusHTML/Content/Images/Add_Player_Pressed.uasset" 176
"../../../../../../Unreal/BacchusHTML/BacchusHTML/Content/Images/Confirm.uasset" 177
"../../../../../../Unreal/BacchusHTML/BacchusHTML/Content/Images/Confirm_Pressed.uasset" 178
"../../../../../../Unreal/BacchusHTML/BacchusHTML/Content/Images/Ground.uasset" 179
"../../../../../../Unreal/BacchusHTML/BacchusHTML/Content/Images/Line.uasset" 180
"../../../../../../Unreal/BacchusHTML/BacchusHTML/Content/Blueprints/PlayerScreen.uasset" 181
"../../../../../../Unreal/BacchusHTML/BacchusHTML/Content/Blueprints/CardsStruct.uasset" 182
"../../../../../../Unreal/BacchusHTML/BacchusHTML/Content/Blueprints/Cards_Table_2.uasset" 183
"../../../../../../Unreal/BacchusHTML/BacchusHTML/Content/Images/Backgrounds/1.uasset" 184
"../../../../../../Unreal/BacchusHTML/BacchusHTML/Content/Images/Next.uasset" 185
"../../../../../../Unreal/BacchusHTML/BacchusHTML/Content/Images/Next_Pressed.uasset" 186
"../../../../../../Unreal/BacchusHTML/BacchusHTML/Content/Images/Void.uasset" 187
"../../../../../../Unreal/BacchusHTML/BacchusHTML/Content/Blueprints/CardScreen.uasset" 188
"../../../../../../Unreal/BacchusHTML/BacchusHTML/Content/Images/Topics/T_11.uasset" 189
"../../../../../../Unreal/BacchusHTML/BacchusHTML/Content/Images/Topics/T_6.uasset" 190
"../../../../../../Unreal/BacchusHTML/BacchusHTML/Content/Blueprints/PickTopic.uasset" 191
"../../../../../../Unreal/BacchusHTML/BacchusHTML/Content/Images/Backgrounds/10.uasset" 192
"../../../../../../Unreal/BacchusHTML/BacchusHTML/Content/Images/Backgrounds/11.uasset" 193
"../../../../../../Unreal/BacchusHTML/BacchusHTML/Content/Images/Backgrounds/12.uasset" 194
"../../../../../../Unreal/BacchusHTML/BacchusHTML/Content/Images/Backgrounds/13.uasset" 195
"../../../../../../Unreal/BacchusHTML/BacchusHTML/Content/Images/Backgrounds/14.uasset" 196
"../../../../../../Unreal/BacchusHTML/BacchusHTML/Content/Images/Backgrounds/15.uasset" 197
"../../../../../../Unreal/BacchusHTML/BacchusHTML/Content/Images/Backgrounds/16.uasset" 198
"../../../../../../Unreal/BacchusHTML/BacchusHTML/Content/Images/Backgrounds/17.uasset" 199
"../../../../../../Unreal/BacchusHTML/BacchusHTML/Content/Images/Backgrounds/2.uasset" 200
"../../../../../../Unreal/BacchusHTML/BacchusHTML/Content/Images/Backgrounds/3.uasset" 201
"../../../../../../Unreal/BacchusHTML/BacchusHTML/Content/Images/Backgrounds/4.uasset" 202
"../../../../../../Unreal/BacchusHTML/BacchusHTML/Content/Images/Backgrounds/5.uasset" 203
"../../../../../../Unreal/BacchusHTML/BacchusHTML/Content/Images/Backgrounds/6.uasset" 204
"../../../../../../Unreal/BacchusHTML/BacchusHTML/Content/Images/Backgrounds/7.uasset" 205
"../../../../../../Unreal/BacchusHTML/BacchusHTML/Content/Images/Backgrounds/8.uasset" 206
"../../../../../../Unreal/BacchusHTML/BacchusHTML/Content/Images/Backgrounds/9.uasset" 207
"../../../../../../Unreal/BacchusHTML/BacchusHTML/Content/Images/Backgrounds/Wild.uasset" 208
"../../../../../../Unreal/BacchusHTML/BacchusHTML/Content/Images/Topics/T_1.uasset" 209
"../../../../../../Unreal/BacchusHTML/BacchusHTML/Content/Images/Topics/T_10.uasset" 210
"../../../../../../Unreal/BacchusHTML/BacchusHTML/Content/Images/Topics/T_12.uasset" 211
"../../../../../../Unreal/BacchusHTML/BacchusHTML/Content/Images/Topics/T_13.uasset" 212
"../../../../../../Unreal/BacchusHTML/BacchusHTML/Content/Images/Topics/T_14.uasset" 213
"../../../../../../Unreal/BacchusHTML/BacchusHTML/Content/Images/Topics/T_15.uasset" 214
"../../../../../../Unreal/BacchusHTML/BacchusHTML/Content/Images/Topics/T_16.uasset" 215
"../../../../../../Unreal/BacchusHTML/BacchusHTML/Content/Images/Topics/T_17.uasset" 216
"../../../../../../Unreal/BacchusHTML/BacchusHTML/Content/Images/Topics/T_2.uasset" 217
"../../../../../../Unreal/BacchusHTML/BacchusHTML/Content/Images/Topics/T_3.uasset" 218
"../../../../../../Unreal/BacchusHTML/BacchusHTML/Content/Images/Topics/T_4.uasset" 219
"../../../../../../Unreal/BacchusHTML/BacchusHTML/Content/Images/Topics/T_5.uasset" 220
"../../../../../../Unreal/BacchusHTML/BacchusHTML/Content/Images/Topics/T_7.uasset" 221
"../../../../../../Unreal/BacchusHTML/BacchusHTML/Content/Images/Topics/T_8.uasset" 222
"../../../../../../Unreal/BacchusHTML/BacchusHTML/Content/Images/Topics/T_9.uasset" 223
"../../../../../../Unreal/BacchusHTML/BacchusHTML/Content/Blueprints/NewPlayerController.uasset" 224
"../../../../../../Unreal/BacchusHTML/BacchusHTML/Content/Blueprints/NewPlayerState.uasset" 225
"../../../Engine/Content/ArtTools/RenderToTexture/Blueprints/RenderToTexture_Game.uasset" 226
"../../../../../../Unreal/BacchusHTML/BacchusHTML/Content/DefaultMap_BuiltData.uasset" 227
"../../../../../../Unreal/BacchusHTML/BacchusHTML/Content/Images/Bacchus_Face.uasset" 228
"../../../../../../Unreal/BacchusHTML/BacchusHTML/Content/Images/Play_Normal.uasset" 229
"../../../../../../Unreal/BacchusHTML/BacchusHTML/Content/Images/Play_Pressed.uasset" 230
"../../../../../../Unreal/BacchusHTML/BacchusHTML/Content/Blueprints/MainMenu.uasset" 231
"../../../../../../Unreal/BacchusHTML/BacchusHTML/Content/DefaultMap.umap" 232
"../../../Engine/Content/Maps/Entry_BuiltData.uasset" 233
"../../../Engine/Content/Maps/Entry.umap" 234
