"../../../../../../Unreal/BacchusHTML/BacchusHTML/Content/Blueprints/CardsStruct.uasset" 0
"../../../../../../Unreal/BacchusHTML/BacchusHTML/Content/Blueprints/Cards_Table3.uasset" 1
"../../../../../../Unreal/BacchusHTML/BacchusHTML/Content/Blueprints/Cards_Table_2.uasset" 2
"../../../../../../Unreal/BacchusHTML/BacchusHTML/Content/Blueprints/GameInstanceBP.uasset" 3
"../../../../../../Unreal/BacchusHTML/BacchusHTML/Content/Blueprints/PointCards.uasset" 4
"../../../../../../Unreal/BacchusHTML/BacchusHTML/Content/Blueprints/PointCards_DataTable.uasset" 5
"../../../Engine/Content/Functions/Engine_MaterialFunctions01/Opacity/CameraDepthFade.uasset" 6
"../../../Engine/Content/EngineMaterials/T_Default_Material_Grid_M.uasset" 7
"../../../Engine/Content/EngineMaterials/T_Default_Material_Grid_N.uasset" 8
"../../../Engine/Content/EngineMaterials/WorldGridMaterial.uasset" 9
"../../../Engine/Content/ArtTools/RenderToTexture/Meshes/S_1_Unit_Plane.uasset" 10
"../../../Engine/Content/EngineMaterials/DefaultMaterial.uasset" 11
"../../../Engine/Content/BasicShapes/Cone.uasset" 12
"../../../Engine/Content/BasicShapes/Cube.uasset" 13
"../../../Engine/Content/BasicShapes/Cylinder.uasset" 14
"../../../Engine/Content/BasicShapes/Plane.uasset" 15
"../../../Engine/Content/BasicShapes/Sphere.uasset" 16
"../../../Engine/Content/EngineDamageTypes/DmgTypeBP_Environmental.uasset" 17
"../../../Engine/Content/EngineDebugMaterials/HeatmapGradient.uasset" 18
"../../../Engine/Content/EngineDebugMaterials/BoneWeightMaterial.uasset" 19
"../../../Engine/Content/EngineDebugMaterials/ClothMaterial.uasset" 20
"../../../Engine/Content/EngineDebugMaterials/ClothMaterial_WF.uasset" 21
"../../../Engine/Content/EngineDebugMaterials/DebugEditorMaterial.uasset" 22
"../../../Engine/Content/EngineDebugMaterials/DebugMeshMaterial.uasset" 23
"../../../Engine/Content/EngineDebugMaterials/GeomMaterial.uasset" 24
"../../../Engine/Content/EngineDebugMaterials/M_SimpleTranslucent.uasset" 25
"../../../Engine/Content/EngineFonts/Faces/RobotoBold.uasset" 26
"../../../Engine/Content/EngineFonts/Faces/RobotoBoldItalic.uasset" 27
"../../../Engine/Content/EngineFonts/Faces/RobotoItalic.uasset" 28
"../../../Engine/Content/EngineFonts/Faces/RobotoLight.uasset" 29
"../../../Engine/Content/EngineFonts/Faces/RobotoRegular.uasset" 30
"../../../Engine/Content/EngineFonts/Roboto.uasset" 31
"../../../Engine/Content/EngineFonts/Faces/RobotoTiny.uasset" 32
"../../../Engine/Content/EngineFonts/RobotoTiny.uasset" 33
"../../../Engine/Content/EngineMaterials/BaseFlattenDiffuseMap.uasset" 34
"../../../Engine/Content/EngineMaterials/BaseFlattenEmissiveMap.uasset" 35
"../../../Engine/Content/EngineMaterials/BaseFlattenGrayscaleMap.uasset" 36
"../../../Engine/Content/EngineMaterials/BaseFlattenNormalMap.uasset" 37
"../../../Engine/Content/EngineMaterials/BaseFlattenMaterial.uasset" 38
"../../../Engine/Content/EngineMaterials/DefaultBloomKernel.uasset" 39
"../../../Engine/Content/EngineMaterials/DefaultBokeh.uasset" 40
"../../../Engine/Content/EngineMaterials/DefaultDiffuse.uasset" 41
"../../../Engine/Content/EngineMaterials/DefaultDeferredDecalMaterial.uasset" 42
"../../../Engine/Content/EngineMaterials/DefaultLightFunctionMaterial.uasset" 43
"../../../Engine/Content/EngineMaterials/DefaultPhysicalMaterial.uasset" 44
"../../../Engine/Content/Functions/Engine_MaterialFunctions02/Utility/BreakOutFloat2Components.uasset" 45
"../../../Engine/Content/EngineMaterials/DefaultPostProcessMaterial.uasset" 46
"../../../Engine/Content/EngineFonts/RobotoDistanceField.uasset" 47
"../../../Engine/Content/EngineMaterials/DefaultTextMaterialOpaque.uasset" 48
"../../../Engine/Content/EngineMaterials/DefaultWhiteGrid.uasset" 49
"../../../Engine/Content/EngineMaterials/EditorBrushMaterial.uasset" 50
"../../../Engine/Content/EngineMaterials/Good64x64TilingNoiseHighFreq.uasset" 51
"../../../Engine/Content/EngineMaterials/MiniFont.uasset" 52
"../../../Engine/Content/EngineMaterials/InvalidLightmapSettings.uasset" 53
"../../../Engine/Content/EngineMaterials/M_InvalidLightmapSettings.uasset" 54
"../../../Engine/Content/Functions/Engine_MaterialFunctions02/WorldPositionOffset/CameraOffset.uasset" 55
"../../../Engine/Content/EngineMaterials/PhAT_JointLimitMaterial.uasset" 56
"../../../Engine/Content/EngineMaterials/PreintegratedSkinBRDF.uasset" 57
"../../../Engine/Content/EngineMaterials/RemoveSurfaceMaterial.uasset" 58
"../../../Engine/Content/EngineMaterials/WeightMapPlaceholderTexture.uasset" 59
"../../../Engine/Content/EngineResources/WhiteSquareTexture.uasset" 60
"../../../Engine/Content/EngineMaterials/Widget3DPassThrough.uasset" 61
"../../../Engine/Content/EngineMaterials/Widget3DPassThrough_Masked.uasset" 62
"../../../Engine/Content/EngineMaterials/Widget3DPassThrough_Opaque.uasset" 63
"../../../Engine/Content/EngineMaterials/Widget3DPassThrough_Masked_OneSided.uasset" 64
"../../../Engine/Content/EngineMaterials/Widget3DPassThrough_Opaque_OneSided.uasset" 65
"../../../Engine/Content/EngineMaterials/Widget3DPassThrough_Translucent.uasset" 66
"../../../Engine/Content/EngineMaterials/Widget3DPassThrough_Translucent_OneSided.uasset" 67
"../../../Engine/Content/EngineMeshes/Cylinder.uasset" 68
"../../../Engine/Content/EngineMeshes/Sphere.uasset" 69
"../../../Engine/Content/EngineResources/Black.uasset" 70
"../../../Engine/Content/EngineResources/DefaultTexture.uasset" 71
"../../../Engine/Content/EngineResources/DefaultTextureCube.uasset" 72
"../../../Engine/Content/EngineResources/DefaultVolumeTexture2D.uasset" 73
"../../../Engine/Content/EngineResources/DefaultVolumeTexture.uasset" 74
"../../../Engine/Content/EngineResources/GradientTexture0.uasset" 75
"../../../Engine/Content/EngineSounds/Master.uasset" 76
"../../../Engine/Content/Functions/Engine_MaterialFunctions01/Shading/ConvertFromDiffSpec.uasset" 77
"../../../Engine/Content/Functions/Engine_MaterialFunctions01/Shading/PowerToRoughness.uasset" 78
"../../../Engine/Content/Maps/Templates/Thumbnails/Default.uasset" 79
"../../../Engine/Content/Maps/Templates/Thumbnails/VR-Basic.uasset" 80
"../../../Engine/Content/MobileResources/T_MobileControls_texture.uasset" 81
"../../../Engine/Content/MobileResources/T_MobileMenu2.uasset" 82
"../../../Engine/Content/MobileResources/HUD/AnalogHat.uasset" 83
"../../../Engine/Content/MobileResources/HUD/VirtualJoystick_Background.uasset" 84
"../../../Engine/Content/MobileResources/HUD/VirtualJoystick_Thumb.uasset" 85
"../../../Engine/Content/MobileResources/HUD/DefaultVirtualJoysticks.uasset" 86
"../../../Engine/Content/MobileResources/HUD/LeftVirtualJoystickOnly.uasset" 87
"../../../Engine/Content/MobileResources/HUD/MobileHUDButton1_off.uasset" 88
"../../../Engine/Content/MobileResources/HUD/MobileHUDButton1_on.uasset" 89
"../../../Engine/Content/MobileResources/HUD/MobileHUDButton2_off.uasset" 90
"../../../Engine/Content/MobileResources/HUD/MobileHUDButton2_on.uasset" 91
"../../../Engine/Content/MobileResources/HUD/MobileHUDButton3.uasset" 92
"../../../Engine/Content/MobileResources/HUD/MobileHUDButtonFire.uasset" 93
"../../../Engine/Content/MobileResources/HUD/MobileHUDDirectionPad.uasset" 94
"../../../Engine/Content/MobileResources/HUD/MobileHUDDirectionPad2.uasset" 95
"../../../Engine/Content/MobileResources/HUD/MobileHUDDirectionPad3.uasset" 96
"../../../Engine/Content/MobileResources/HUD/MobileHUDDirectionStick.uasset" 97
"../../../Engine/Content/MobileResources/HUD/T_Castle_ThumbstickInner.uasset" 98
"../../../Engine/Content/MobileResources/HUD/T_Castle_ThumbstickOutter.uasset" 99
"../../../Engine/Content/Tutorial/ContentIntroCurve.uasset" 100
"../../../Engine/Content/Tutorial/Basics/TutorialAssets/icon_tab_Levels_40x.uasset" 101
"../../Plugins/2D/Paper2D/Content/PlaceholderTextures/DummySpriteTexture.uasset" 102
"../../Plugins/2D/Paper2D/Content/DummySprite.uasset" 103
"../../Plugins/2D/Paper2D/Content/DefaultPaperTerrainMaterial.uasset" 104
"../../Plugins/2D/Paper2D/Content/DefaultSpriteMaterial.uasset" 105
"../../Plugins/2D/Paper2D/Content/MaskedUnlitSpriteMaterial.uasset" 106
"../../Plugins/2D/Paper2D/Content/OpaqueUnlitSpriteMaterial.uasset" 107
"../../Plugins/Runtime/Oculus/OculusVR/Content/Materials/PokeAHoleMaterial.uasset" 108
"../../Plugins/Runtime/Oculus/OculusVR/Content/Textures/GearVRController_AO.uasset" 109
"../../Plugins/Runtime/Oculus/OculusVR/Content/Textures/GearVRController_Color.uasset" 110
"../../Plugins/Runtime/Oculus/OculusVR/Content/Textures/GearVRController_Normal.uasset" 111
"../../Plugins/Runtime/Oculus/OculusVR/Content/Materials/GearVRControllerMaterial.uasset" 112
"../../Plugins/Runtime/Oculus/OculusVR/Content/Meshes/GearVrController.uasset" 113
"../../Plugins/Runtime/Oculus/OculusVR/Content/Textures/touchController_albedo.uasset" 114
"../../Plugins/Runtime/Oculus/OculusVR/Content/Textures/touchController_controlmap.uasset" 115
"../../Plugins/Runtime/Oculus/OculusVR/Content/Materials/touchController_mat.uasset" 116
"../../Plugins/Runtime/Oculus/OculusVR/Content/Meshes/LeftTouchController.uasset" 117
"../../Plugins/Runtime/Oculus/OculusVR/Content/Meshes/RiftHMD.uasset" 118
"../../Plugins/Runtime/Oculus/OculusVR/Content/Meshes/RightTouchController.uasset" 119
"../../../../../../Unreal/BacchusHTML/BacchusHTML/Content/Blueprints/GameStateBacchus.uasset" 120
"../../../../../../Unreal/BacchusHTML/BacchusHTML/Content/MarcellusSC-Regular.uasset" 121
"../../../../../../Unreal/BacchusHTML/BacchusHTML/Content/MarcellusSC-Regular_Font.uasset" 122
"../../../../../../Unreal/BacchusHTML/BacchusHTML/Content/Images/Add.uasset" 123
"../../../../../../Unreal/BacchusHTML/BacchusHTML/Content/Images/Add_Pressed.uasset" 124
"../../../../../../Unreal/BacchusHTML/BacchusHTML/Content/Images/Check.uasset" 125
"../../../../../../Unreal/BacchusHTML/BacchusHTML/Content/Images/Check_Off.uasset" 126
"../../../../../../Unreal/BacchusHTML/BacchusHTML/Content/Images/Ground.uasset" 127
"../../../../../../Unreal/BacchusHTML/BacchusHTML/Content/Images/Line.uasset" 128
"../../../../../../Unreal/BacchusHTML/BacchusHTML/Content/Images/Remove_Player.uasset" 129
"../../../../../../Unreal/BacchusHTML/BacchusHTML/Content/Images/Remove_Player_Pressed.uasset" 130
"../../../../../../Unreal/BacchusHTML/BacchusHTML/Content/Images/Start.uasset" 131
"../../../../../../Unreal/BacchusHTML/BacchusHTML/Content/Images/Start_Pressed.uasset" 132
"../../../../../../Unreal/BacchusHTML/BacchusHTML/Content/Images/x.uasset" 133
"../../../../../../Unreal/BacchusHTML/BacchusHTML/Content/Blueprints/PlayerScreen.uasset" 134
"../../../../../../Unreal/BacchusHTML/BacchusHTML/Content/Blueprints/Cards_Table_3.uasset" 135
"../../../../../../Unreal/BacchusHTML/BacchusHTML/Content/Blueprints/Cards_Table_Online.uasset" 136
"../../../../../../Unreal/BacchusHTML/BacchusHTML/Content/Blueprints/PointCards_DataTable2.uasset" 137
"../../../../../../Unreal/BacchusHTML/BacchusHTML/Content/Blueprints/PointCards_DataTable_online.uasset" 138
"../../../../../../Unreal/BacchusHTML/BacchusHTML/Content/Images/Bacchus_Finished.uasset" 139
"../../../../../../Unreal/BacchusHTML/BacchusHTML/Content/Images/download.uasset" 140
"../../../../../../Unreal/BacchusHTML/BacchusHTML/Content/Images/Ground_dark.uasset" 141
"../../../../../../Unreal/BacchusHTML/BacchusHTML/Content/Blueprints/BacchusBlessing.uasset" 142
"../../../../../../Unreal/BacchusHTML/BacchusHTML/Content/Images/Backgrounds/1.uasset" 143
"../../../../../../Unreal/BacchusHTML/BacchusHTML/Content/Images/Ground_Blur.uasset" 144
"../../../../../../Unreal/BacchusHTML/BacchusHTML/Content/Images/Next.uasset" 145
"../../../../../../Unreal/BacchusHTML/BacchusHTML/Content/Images/Next_Pressed.uasset" 146
"../../../../../../Unreal/BacchusHTML/BacchusHTML/Content/Images/No.uasset" 147
"../../../../../../Unreal/BacchusHTML/BacchusHTML/Content/Images/No_Pressed.uasset" 148
"../../../../../../Unreal/BacchusHTML/BacchusHTML/Content/Images/Restart_Confirm.uasset" 149
"../../../../../../Unreal/BacchusHTML/BacchusHTML/Content/Images/Void.uasset" 150
"../../../../../../Unreal/BacchusHTML/BacchusHTML/Content/Images/Yes.uasset" 151
"../../../../../../Unreal/BacchusHTML/BacchusHTML/Content/Images/Yes_Pressed.uasset" 152
"../../../../../../Unreal/BacchusHTML/BacchusHTML/Content/Blueprints/CardScreen.uasset" 153
"../../../../../../Unreal/BacchusHTML/BacchusHTML/Content/Images/Backgrounds/10.uasset" 154
"../../../../../../Unreal/BacchusHTML/BacchusHTML/Content/Images/Backgrounds/14.uasset" 155
"../../../../../../Unreal/BacchusHTML/BacchusHTML/Content/Blueprints/PickTopic.uasset" 156
"../../../../../../Unreal/BacchusHTML/BacchusHTML/Content/Images/No_Red.uasset" 157
"../../../../../../Unreal/BacchusHTML/BacchusHTML/Content/Images/Yes_Green.uasset" 158
"../../../../../../Unreal/BacchusHTML/BacchusHTML/Content/Blueprints/Tutorial.uasset" 159
"../../../../../../Unreal/BacchusHTML/BacchusHTML/Content/Images/Backgrounds/11.uasset" 160
"../../../../../../Unreal/BacchusHTML/BacchusHTML/Content/Images/Backgrounds/12.uasset" 161
"../../../../../../Unreal/BacchusHTML/BacchusHTML/Content/Images/Backgrounds/13.uasset" 162
"../../../../../../Unreal/BacchusHTML/BacchusHTML/Content/Images/Backgrounds/15.uasset" 163
"../../../../../../Unreal/BacchusHTML/BacchusHTML/Content/Images/Backgrounds/16.uasset" 164
"../../../../../../Unreal/BacchusHTML/BacchusHTML/Content/Images/Backgrounds/17.uasset" 165
"../../../../../../Unreal/BacchusHTML/BacchusHTML/Content/Images/Backgrounds/2.uasset" 166
"../../../../../../Unreal/BacchusHTML/BacchusHTML/Content/Images/Backgrounds/3.uasset" 167
"../../../../../../Unreal/BacchusHTML/BacchusHTML/Content/Images/Backgrounds/4.uasset" 168
"../../../../../../Unreal/BacchusHTML/BacchusHTML/Content/Images/Backgrounds/5.uasset" 169
"../../../../../../Unreal/BacchusHTML/BacchusHTML/Content/Images/Backgrounds/6.uasset" 170
"../../../../../../Unreal/BacchusHTML/BacchusHTML/Content/Images/Backgrounds/7.uasset" 171
"../../../../../../Unreal/BacchusHTML/BacchusHTML/Content/Images/Backgrounds/8.uasset" 172
"../../../../../../Unreal/BacchusHTML/BacchusHTML/Content/Images/Backgrounds/9.uasset" 173
"../../../../../../Unreal/BacchusHTML/BacchusHTML/Content/Images/Backgrounds/Wild.uasset" 174
"../../../../../../Unreal/BacchusHTML/BacchusHTML/Content/Images/Topics/T2_10.uasset" 175
"../../../../../../Unreal/BacchusHTML/BacchusHTML/Content/Images/Topics/T2_11.uasset" 176
"../../../../../../Unreal/BacchusHTML/BacchusHTML/Content/Images/Topics/T2_12.uasset" 177
"../../../../../../Unreal/BacchusHTML/BacchusHTML/Content/Images/Topics/T2_13.uasset" 178
"../../../../../../Unreal/BacchusHTML/BacchusHTML/Content/Images/Topics/T2_14.uasset" 179
"../../../../../../Unreal/BacchusHTML/BacchusHTML/Content/Images/Topics/T2_15.uasset" 180
"../../../../../../Unreal/BacchusHTML/BacchusHTML/Content/Images/Topics/T2_16.uasset" 181
"../../../../../../Unreal/BacchusHTML/BacchusHTML/Content/Images/Topics/T2_17.uasset" 182
"../../../../../../Unreal/BacchusHTML/BacchusHTML/Content/Images/Topics/T2_2.uasset" 183
"../../../../../../Unreal/BacchusHTML/BacchusHTML/Content/Images/Topics/T2_3.uasset" 184
"../../../../../../Unreal/BacchusHTML/BacchusHTML/Content/Images/Topics/T2_4.uasset" 185
"../../../../../../Unreal/BacchusHTML/BacchusHTML/Content/Images/Topics/T2_5.uasset" 186
"../../../../../../Unreal/BacchusHTML/BacchusHTML/Content/Images/Topics/T2_6.uasset" 187
"../../../../../../Unreal/BacchusHTML/BacchusHTML/Content/Images/Topics/T2_7.uasset" 188
"../../../../../../Unreal/BacchusHTML/BacchusHTML/Content/Images/Topics/T2_8.uasset" 189
"../../../../../../Unreal/BacchusHTML/BacchusHTML/Content/Images/Topics/T2_9.uasset" 190
"../../../../../../Unreal/BacchusHTML/BacchusHTML/Content/Images/Topics/T_1.uasset" 191
"../../../../../../Unreal/BacchusHTML/BacchusHTML/Content/Blueprints/NewPlayerController.uasset" 192
"../../../../../../Unreal/BacchusHTML/BacchusHTML/Content/Blueprints/NewPlayerState.uasset" 193
"../../../Engine/Content/ArtTools/RenderToTexture/Blueprints/RenderToTexture_Game.uasset" 194
"../../../../../../Unreal/BacchusHTML/BacchusHTML/Content/DefaultMap_BuiltData.uasset" 195
"../../../../../../Unreal/BacchusHTML/BacchusHTML/Content/Images/Bacchus_Face.uasset" 196
"../../../../../../Unreal/BacchusHTML/BacchusHTML/Content/Images/Play_Normal.uasset" 197
"../../../../../../Unreal/BacchusHTML/BacchusHTML/Content/Images/Play_Pressed.uasset" 198
"../../../../../../Unreal/BacchusHTML/BacchusHTML/Content/Blueprints/MainMenu.uasset" 199
"../../../../../../Unreal/BacchusHTML/BacchusHTML/Content/DefaultMap.umap" 200
"../../../Engine/Content/Maps/Entry_BuiltData.uasset" 201
"../../../Engine/Content/Maps/Entry.umap" 202
